[20-Dec-2023 23:03:20 UTC] PHP Warning:  require_once(/Users/angel/Local Sites/philosophy-review/app/public/wp-load.php): Failed to open stream: No such file or directory in /Users/angel/Local Sites/philosophy-review/app/public/wp-blog-header.php on line 13
[20-Dec-2023 23:03:20 UTC] PHP Fatal error:  Uncaught Error: Failed opening required '/Users/angel/Local Sites/philosophy-review/app/public/wp-load.php' (include_path='.:/usr/share/php:/www/wp-content/pear') in /Users/angel/Local Sites/philosophy-review/app/public/wp-blog-header.php:13
Stack trace:
#0 /Users/angel/Local Sites/philosophy-review/app/public/index.php(17): require()
#1 {main}
  thrown in /Users/angel/Local Sites/philosophy-review/app/public/wp-blog-header.php on line 13
[20-Dec-2023 23:03:20 UTC] PHP Warning:  require_once(/Users/angel/Local Sites/philosophy-review/app/public/wp-load.php): Failed to open stream: No such file or directory in /Users/angel/Local Sites/philosophy-review/app/public/wp-blog-header.php on line 13
[20-Dec-2023 23:03:20 UTC] PHP Fatal error:  Uncaught Error: Failed opening required '/Users/angel/Local Sites/philosophy-review/app/public/wp-load.php' (include_path='.:/usr/share/php:/www/wp-content/pear') in /Users/angel/Local Sites/philosophy-review/app/public/wp-blog-header.php:13
Stack trace:
#0 /Users/angel/Local Sites/philosophy-review/app/public/index.php(17): require()
#1 {main}
  thrown in /Users/angel/Local Sites/philosophy-review/app/public/wp-blog-header.php on line 13
[20-Dec-2023 23:48:30 UTC] Cron reschedule event error for hook: wp_nf_update_fields_cron, Error code: invalid_schedule, Error message: Event schedule does not exist., Data: {"schedule":"wp_nf_update_fields_cron_interval","args":[],"interval":300}
[20-Dec-2023 23:49:10 UTC] PHP Warning:  Undefined array key "seq_num" in /Users/angel/Local Sites/philosophy-review/app/public/wp-content/plugins/ninja-forms/includes/Admin/Processes/ImportForm.php on line 271
[20-Dec-2023 23:49:10 UTC] PHP Warning:  Undefined array key "seq_num" in /Users/angel/Local Sites/philosophy-review/app/public/wp-content/plugins/ninja-forms/includes/Admin/Processes/ImportForm.php on line 272
[20-Dec-2023 23:49:10 UTC] PHP Warning:  Undefined array key "updated_at" in /Users/angel/Local Sites/philosophy-review/app/public/wp-content/plugins/ninja-forms/includes/Admin/Processes/ImportForm.php on line 359
[20-Dec-2023 23:49:10 UTC] PHP Warning:  Undefined array key "updated_at" in /Users/angel/Local Sites/philosophy-review/app/public/wp-content/plugins/ninja-forms/includes/Admin/Processes/ImportForm.php on line 360
[20-Dec-2023 23:49:10 UTC] PHP Warning:  Undefined array key "updated_at" in /Users/angel/Local Sites/philosophy-review/app/public/wp-content/plugins/ninja-forms/includes/Admin/Processes/ImportForm.php on line 359
[20-Dec-2023 23:49:10 UTC] PHP Warning:  Undefined array key "updated_at" in /Users/angel/Local Sites/philosophy-review/app/public/wp-content/plugins/ninja-forms/includes/Admin/Processes/ImportForm.php on line 360
[20-Dec-2023 23:49:10 UTC] PHP Warning:  Undefined array key "updated_at" in /Users/angel/Local Sites/philosophy-review/app/public/wp-content/plugins/ninja-forms/includes/Admin/Processes/ImportForm.php on line 359
[20-Dec-2023 23:49:10 UTC] PHP Warning:  Undefined array key "updated_at" in /Users/angel/Local Sites/philosophy-review/app/public/wp-content/plugins/ninja-forms/includes/Admin/Processes/ImportForm.php on line 360
[20-Dec-2023 23:49:10 UTC] PHP Warning:  Undefined array key "updated_at" in /Users/angel/Local Sites/philosophy-review/app/public/wp-content/plugins/ninja-forms/includes/Admin/Processes/ImportForm.php on line 359
[20-Dec-2023 23:49:10 UTC] PHP Warning:  Undefined array key "updated_at" in /Users/angel/Local Sites/philosophy-review/app/public/wp-content/plugins/ninja-forms/includes/Admin/Processes/ImportForm.php on line 360
[20-Dec-2023 23:49:10 UTC] PHP Warning:  Undefined array key "id" in /Users/angel/Local Sites/philosophy-review/app/public/wp-content/plugins/ninja-forms/includes/Admin/Processes/ImportForm.php on line 456
[20-Dec-2023 23:49:10 UTC] PHP Warning:  Undefined array key "id" in /Users/angel/Local Sites/philosophy-review/app/public/wp-content/plugins/ninja-forms/includes/Admin/Processes/ImportForm.php on line 457
[20-Dec-2023 23:49:10 UTC] PHP Warning:  Undefined array key "personally_identifiable" in /Users/angel/Local Sites/philosophy-review/app/public/wp-content/plugins/ninja-forms/includes/Admin/Processes/ImportForm.php on line 456
[20-Dec-2023 23:49:10 UTC] PHP Warning:  Undefined array key "personally_identifiable" in /Users/angel/Local Sites/philosophy-review/app/public/wp-content/plugins/ninja-forms/includes/Admin/Processes/ImportForm.php on line 457
[20-Dec-2023 23:49:10 UTC] PHP Warning:  Undefined array key "id" in /Users/angel/Local Sites/philosophy-review/app/public/wp-content/plugins/ninja-forms/includes/Admin/Processes/ImportForm.php on line 456
[20-Dec-2023 23:49:10 UTC] PHP Warning:  Undefined array key "id" in /Users/angel/Local Sites/philosophy-review/app/public/wp-content/plugins/ninja-forms/includes/Admin/Processes/ImportForm.php on line 457
[20-Dec-2023 23:49:10 UTC] PHP Warning:  Undefined array key "personally_identifiable" in /Users/angel/Local Sites/philosophy-review/app/public/wp-content/plugins/ninja-forms/includes/Admin/Processes/ImportForm.php on line 456
[20-Dec-2023 23:49:10 UTC] PHP Warning:  Undefined array key "personally_identifiable" in /Users/angel/Local Sites/philosophy-review/app/public/wp-content/plugins/ninja-forms/includes/Admin/Processes/ImportForm.php on line 457
[20-Dec-2023 23:49:10 UTC] PHP Warning:  Undefined array key "id" in /Users/angel/Local Sites/philosophy-review/app/public/wp-content/plugins/ninja-forms/includes/Admin/Processes/ImportForm.php on line 456
[20-Dec-2023 23:49:10 UTC] PHP Warning:  Undefined array key "id" in /Users/angel/Local Sites/philosophy-review/app/public/wp-content/plugins/ninja-forms/includes/Admin/Processes/ImportForm.php on line 457
[20-Dec-2023 23:49:10 UTC] PHP Warning:  Undefined array key "personally_identifiable" in /Users/angel/Local Sites/philosophy-review/app/public/wp-content/plugins/ninja-forms/includes/Admin/Processes/ImportForm.php on line 456
[20-Dec-2023 23:49:10 UTC] PHP Warning:  Undefined array key "personally_identifiable" in /Users/angel/Local Sites/philosophy-review/app/public/wp-content/plugins/ninja-forms/includes/Admin/Processes/ImportForm.php on line 457
[20-Dec-2023 23:49:10 UTC] PHP Warning:  Undefined array key "id" in /Users/angel/Local Sites/philosophy-review/app/public/wp-content/plugins/ninja-forms/includes/Admin/Processes/ImportForm.php on line 456
[20-Dec-2023 23:49:10 UTC] PHP Warning:  Undefined array key "id" in /Users/angel/Local Sites/philosophy-review/app/public/wp-content/plugins/ninja-forms/includes/Admin/Processes/ImportForm.php on line 457
[20-Dec-2023 23:49:10 UTC] PHP Warning:  Undefined array key "required" in /Users/angel/Local Sites/philosophy-review/app/public/wp-content/plugins/ninja-forms/includes/Admin/Processes/ImportForm.php on line 456
[20-Dec-2023 23:49:10 UTC] PHP Warning:  Undefined array key "required" in /Users/angel/Local Sites/philosophy-review/app/public/wp-content/plugins/ninja-forms/includes/Admin/Processes/ImportForm.php on line 457
[20-Dec-2023 23:49:10 UTC] PHP Warning:  Undefined array key "default" in /Users/angel/Local Sites/philosophy-review/app/public/wp-content/plugins/ninja-forms/includes/Admin/Processes/ImportForm.php on line 456
[20-Dec-2023 23:49:10 UTC] PHP Warning:  Undefined array key "default" in /Users/angel/Local Sites/philosophy-review/app/public/wp-content/plugins/ninja-forms/includes/Admin/Processes/ImportForm.php on line 457
[20-Dec-2023 23:49:10 UTC] PHP Warning:  Undefined array key "label_pos" in /Users/angel/Local Sites/philosophy-review/app/public/wp-content/plugins/ninja-forms/includes/Admin/Processes/ImportForm.php on line 456
[20-Dec-2023 23:49:10 UTC] PHP Warning:  Undefined array key "label_pos" in /Users/angel/Local Sites/philosophy-review/app/public/wp-content/plugins/ninja-forms/includes/Admin/Processes/ImportForm.php on line 457
[20-Dec-2023 23:49:10 UTC] PHP Warning:  Undefined array key "personally_identifiable" in /Users/angel/Local Sites/philosophy-review/app/public/wp-content/plugins/ninja-forms/includes/Admin/Processes/ImportForm.php on line 456
[20-Dec-2023 23:49:10 UTC] PHP Warning:  Undefined array key "personally_identifiable" in /Users/angel/Local Sites/philosophy-review/app/public/wp-content/plugins/ninja-forms/includes/Admin/Processes/ImportForm.php on line 457
[21-Dec-2023 00:03:05 UTC] Cron reschedule event error for hook: litespeed_task_lqip, Error code: could_not_set, Error message: The cron event list could not be saved., Data: {"schedule":"litespeed_filter","args":[],"interval":60}
[21-Dec-2023 03:08:27 UTC] Cron reschedule event error for hook: litespeed_task_lqip, Error code: could_not_set, Error message: The cron event list could not be saved., Data: {"schedule":"litespeed_filter","args":[],"interval":60}
[21-Dec-2023 03:18:23 UTC] Cron reschedule event error for hook: litespeed_task_lqip, Error code: could_not_set, Error message: The cron event list could not be saved., Data: {"schedule":"litespeed_filter","args":[],"interval":60}
[21-Dec-2023 05:15:27 UTC] Cron reschedule event error for hook: litespeed_task_lqip, Error code: could_not_set, Error message: The cron event list could not be saved., Data: {"schedule":"litespeed_filter","args":[],"interval":60}
[21-Dec-2023 05:33:21 UTC] Cron reschedule event error for hook: litespeed_task_lqip, Error code: could_not_set, Error message: The cron event list could not be saved., Data: {"schedule":"litespeed_filter","args":[],"interval":60}
[22-Dec-2023 12:42:35 UTC] PHP Warning:  Attempt to read property "title" on null in /Users/angel/Local Sites/philosophy-review/app/public/wp-includes/class-wp-customize-widgets.php on line 905
[22-Dec-2023 12:52:19 UTC] PHP Warning:  Attempt to read property "title" on null in /Users/angel/Local Sites/philosophy-review/app/public/wp-includes/class-wp-customize-widgets.php on line 905
[22-Dec-2023 13:07:24 UTC] PHP Warning:  Undefined property: WP_Ajax_Upgrader_Skin::$api in /Users/angel/Local Sites/philosophy-review/app/public/wp-admin/includes/class-theme-upgrader.php on line 160
[22-Dec-2023 21:06:24 UTC] PHP Warning:  Undefined array key "custom_color" in /Users/angel/Local Sites/philosophy-review/app/public/wp-content/plugins/sassy-social-share/includes/class-sassy-social-share-widgets.php on line 654
[22-Dec-2023 21:06:24 UTC] PHP Warning:  Undefined array key "type" in /Users/angel/Local Sites/philosophy-review/app/public/wp-content/plugins/sassy-social-share/includes/class-sassy-social-share-widgets.php on line 663
[22-Dec-2023 21:06:24 UTC] PHP Warning:  Undefined array key "custom_color" in /Users/angel/Local Sites/philosophy-review/app/public/wp-content/plugins/sassy-social-share/includes/class-sassy-social-share-widgets.php on line 713
[22-Dec-2023 21:06:24 UTC] PHP Warning:  Undefined array key "custom_color" in /Users/angel/Local Sites/philosophy-review/app/public/wp-content/plugins/sassy-social-share/includes/class-sassy-social-share-widgets.php on line 728
[22-Dec-2023 21:06:24 UTC] PHP Warning:  Undefined array key "size" in /Users/angel/Local Sites/philosophy-review/app/public/wp-content/plugins/sassy-social-share/includes/class-sassy-social-share-widgets.php on line 757
[22-Dec-2023 21:06:24 UTC] PHP Warning:  Undefined array key "size" in /Users/angel/Local Sites/philosophy-review/app/public/wp-content/plugins/sassy-social-share/includes/class-sassy-social-share-widgets.php on line 757
[22-Dec-2023 21:06:24 UTC] PHP Warning:  Undefined array key "icon_shape" in /Users/angel/Local Sites/philosophy-review/app/public/wp-content/plugins/sassy-social-share/includes/class-sassy-social-share-widgets.php on line 757
[22-Dec-2023 21:06:24 UTC] PHP Warning:  Undefined array key "gitlab" in /Users/angel/Local Sites/philosophy-review/app/public/wp-content/plugins/sassy-social-share/includes/class-sassy-social-share-widgets.php on line 890
[22-Dec-2023 21:06:25 UTC] PHP Warning:  Undefined array key "custom_color" in /Users/angel/Local Sites/philosophy-review/app/public/wp-content/plugins/sassy-social-share/includes/class-sassy-social-share-widgets.php on line 654
[22-Dec-2023 21:06:25 UTC] PHP Warning:  Undefined array key "type" in /Users/angel/Local Sites/philosophy-review/app/public/wp-content/plugins/sassy-social-share/includes/class-sassy-social-share-widgets.php on line 663
[22-Dec-2023 21:06:25 UTC] PHP Warning:  Undefined array key "custom_color" in /Users/angel/Local Sites/philosophy-review/app/public/wp-content/plugins/sassy-social-share/includes/class-sassy-social-share-widgets.php on line 713
[22-Dec-2023 21:06:25 UTC] PHP Warning:  Undefined array key "custom_color" in /Users/angel/Local Sites/philosophy-review/app/public/wp-content/plugins/sassy-social-share/includes/class-sassy-social-share-widgets.php on line 728
[22-Dec-2023 21:06:25 UTC] PHP Warning:  Undefined array key "size" in /Users/angel/Local Sites/philosophy-review/app/public/wp-content/plugins/sassy-social-share/includes/class-sassy-social-share-widgets.php on line 757
[22-Dec-2023 21:06:25 UTC] PHP Warning:  Undefined array key "size" in /Users/angel/Local Sites/philosophy-review/app/public/wp-content/plugins/sassy-social-share/includes/class-sassy-social-share-widgets.php on line 757
[22-Dec-2023 21:06:25 UTC] PHP Warning:  Undefined array key "icon_shape" in /Users/angel/Local Sites/philosophy-review/app/public/wp-content/plugins/sassy-social-share/includes/class-sassy-social-share-widgets.php on line 757
[22-Dec-2023 21:06:25 UTC] PHP Warning:  Undefined array key "gitlab" in /Users/angel/Local Sites/philosophy-review/app/public/wp-content/plugins/sassy-social-share/includes/class-sassy-social-share-widgets.php on line 890
[22-Dec-2023 21:06:26 UTC] PHP Warning:  Undefined array key "custom_color" in /Users/angel/Local Sites/philosophy-review/app/public/wp-content/plugins/sassy-social-share/includes/class-sassy-social-share-widgets.php on line 654
[22-Dec-2023 21:06:26 UTC] PHP Warning:  Undefined array key "type" in /Users/angel/Local Sites/philosophy-review/app/public/wp-content/plugins/sassy-social-share/includes/class-sassy-social-share-widgets.php on line 663
[22-Dec-2023 21:06:26 UTC] PHP Warning:  Undefined array key "custom_color" in /Users/angel/Local Sites/philosophy-review/app/public/wp-content/plugins/sassy-social-share/includes/class-sassy-social-share-widgets.php on line 713
[22-Dec-2023 21:06:26 UTC] PHP Warning:  Undefined array key "custom_color" in /Users/angel/Local Sites/philosophy-review/app/public/wp-content/plugins/sassy-social-share/includes/class-sassy-social-share-widgets.php on line 728
[22-Dec-2023 21:06:26 UTC] PHP Warning:  Undefined array key "size" in /Users/angel/Local Sites/philosophy-review/app/public/wp-content/plugins/sassy-social-share/includes/class-sassy-social-share-widgets.php on line 757
[22-Dec-2023 21:06:26 UTC] PHP Warning:  Undefined array key "size" in /Users/angel/Local Sites/philosophy-review/app/public/wp-content/plugins/sassy-social-share/includes/class-sassy-social-share-widgets.php on line 757
[22-Dec-2023 21:06:26 UTC] PHP Warning:  Undefined array key "icon_shape" in /Users/angel/Local Sites/philosophy-review/app/public/wp-content/plugins/sassy-social-share/includes/class-sassy-social-share-widgets.php on line 757
[22-Dec-2023 21:06:26 UTC] PHP Warning:  Undefined array key "gitlab" in /Users/angel/Local Sites/philosophy-review/app/public/wp-content/plugins/sassy-social-share/includes/class-sassy-social-share-widgets.php on line 890
[22-Dec-2023 21:06:26 UTC] PHP Warning:  Undefined array key "custom_color" in /Users/angel/Local Sites/philosophy-review/app/public/wp-content/plugins/sassy-social-share/includes/class-sassy-social-share-widgets.php on line 654
[22-Dec-2023 21:06:26 UTC] PHP Warning:  Undefined array key "type" in /Users/angel/Local Sites/philosophy-review/app/public/wp-content/plugins/sassy-social-share/includes/class-sassy-social-share-widgets.php on line 663
[22-Dec-2023 21:06:26 UTC] PHP Warning:  Undefined array key "custom_color" in /Users/angel/Local Sites/philosophy-review/app/public/wp-content/plugins/sassy-social-share/includes/class-sassy-social-share-widgets.php on line 713
[22-Dec-2023 21:06:26 UTC] PHP Warning:  Undefined array key "custom_color" in /Users/angel/Local Sites/philosophy-review/app/public/wp-content/plugins/sassy-social-share/includes/class-sassy-social-share-widgets.php on line 728
[22-Dec-2023 21:06:26 UTC] PHP Warning:  Undefined array key "size" in /Users/angel/Local Sites/philosophy-review/app/public/wp-content/plugins/sassy-social-share/includes/class-sassy-social-share-widgets.php on line 757
[22-Dec-2023 21:06:26 UTC] PHP Warning:  Undefined array key "size" in /Users/angel/Local Sites/philosophy-review/app/public/wp-content/plugins/sassy-social-share/includes/class-sassy-social-share-widgets.php on line 757
[22-Dec-2023 21:06:26 UTC] PHP Warning:  Undefined array key "icon_shape" in /Users/angel/Local Sites/philosophy-review/app/public/wp-content/plugins/sassy-social-share/includes/class-sassy-social-share-widgets.php on line 757
[22-Dec-2023 21:06:27 UTC] PHP Warning:  Undefined array key "gitlab" in /Users/angel/Local Sites/philosophy-review/app/public/wp-content/plugins/sassy-social-share/includes/class-sassy-social-share-widgets.php on line 890
[22-Dec-2023 21:06:31 UTC] PHP Warning:  Undefined array key "custom_color" in /Users/angel/Local Sites/philosophy-review/app/public/wp-content/plugins/sassy-social-share/includes/class-sassy-social-share-widgets.php on line 654
[22-Dec-2023 21:06:31 UTC] PHP Warning:  Undefined array key "type" in /Users/angel/Local Sites/philosophy-review/app/public/wp-content/plugins/sassy-social-share/includes/class-sassy-social-share-widgets.php on line 663
[22-Dec-2023 21:06:31 UTC] PHP Warning:  Undefined array key "custom_color" in /Users/angel/Local Sites/philosophy-review/app/public/wp-content/plugins/sassy-social-share/includes/class-sassy-social-share-widgets.php on line 713
[22-Dec-2023 21:06:31 UTC] PHP Warning:  Undefined array key "custom_color" in /Users/angel/Local Sites/philosophy-review/app/public/wp-content/plugins/sassy-social-share/includes/class-sassy-social-share-widgets.php on line 728
[22-Dec-2023 21:06:31 UTC] PHP Warning:  Undefined array key "size" in /Users/angel/Local Sites/philosophy-review/app/public/wp-content/plugins/sassy-social-share/includes/class-sassy-social-share-widgets.php on line 757
[22-Dec-2023 21:06:31 UTC] PHP Warning:  Undefined array key "size" in /Users/angel/Local Sites/philosophy-review/app/public/wp-content/plugins/sassy-social-share/includes/class-sassy-social-share-widgets.php on line 757
[22-Dec-2023 21:06:31 UTC] PHP Warning:  Undefined array key "icon_shape" in /Users/angel/Local Sites/philosophy-review/app/public/wp-content/plugins/sassy-social-share/includes/class-sassy-social-share-widgets.php on line 757
[22-Dec-2023 21:06:32 UTC] PHP Warning:  Undefined array key "gitlab" in /Users/angel/Local Sites/philosophy-review/app/public/wp-content/plugins/sassy-social-share/includes/class-sassy-social-share-widgets.php on line 890
[22-Dec-2023 21:06:32 UTC] PHP Warning:  Undefined array key "custom_color" in /Users/angel/Local Sites/philosophy-review/app/public/wp-content/plugins/sassy-social-share/includes/class-sassy-social-share-widgets.php on line 654
[22-Dec-2023 21:06:32 UTC] PHP Warning:  Undefined array key "type" in /Users/angel/Local Sites/philosophy-review/app/public/wp-content/plugins/sassy-social-share/includes/class-sassy-social-share-widgets.php on line 663
[22-Dec-2023 21:06:32 UTC] PHP Warning:  Undefined array key "custom_color" in /Users/angel/Local Sites/philosophy-review/app/public/wp-content/plugins/sassy-social-share/includes/class-sassy-social-share-widgets.php on line 713
[22-Dec-2023 21:06:32 UTC] PHP Warning:  Undefined array key "custom_color" in /Users/angel/Local Sites/philosophy-review/app/public/wp-content/plugins/sassy-social-share/includes/class-sassy-social-share-widgets.php on line 728
[22-Dec-2023 21:06:32 UTC] PHP Warning:  Undefined array key "size" in /Users/angel/Local Sites/philosophy-review/app/public/wp-content/plugins/sassy-social-share/includes/class-sassy-social-share-widgets.php on line 757
[22-Dec-2023 21:06:32 UTC] PHP Warning:  Undefined array key "size" in /Users/angel/Local Sites/philosophy-review/app/public/wp-content/plugins/sassy-social-share/includes/class-sassy-social-share-widgets.php on line 757
[22-Dec-2023 21:06:32 UTC] PHP Warning:  Undefined array key "icon_shape" in /Users/angel/Local Sites/philosophy-review/app/public/wp-content/plugins/sassy-social-share/includes/class-sassy-social-share-widgets.php on line 757
[22-Dec-2023 21:06:33 UTC] PHP Warning:  Undefined array key "gitlab" in /Users/angel/Local Sites/philosophy-review/app/public/wp-content/plugins/sassy-social-share/includes/class-sassy-social-share-widgets.php on line 890
[22-Dec-2023 21:06:39 UTC] PHP Warning:  Undefined array key "custom_color" in /Users/angel/Local Sites/philosophy-review/app/public/wp-content/plugins/sassy-social-share/includes/class-sassy-social-share-widgets.php on line 654
[22-Dec-2023 21:06:39 UTC] PHP Warning:  Undefined array key "type" in /Users/angel/Local Sites/philosophy-review/app/public/wp-content/plugins/sassy-social-share/includes/class-sassy-social-share-widgets.php on line 663
[22-Dec-2023 21:06:39 UTC] PHP Warning:  Undefined array key "custom_color" in /Users/angel/Local Sites/philosophy-review/app/public/wp-content/plugins/sassy-social-share/includes/class-sassy-social-share-widgets.php on line 713
[22-Dec-2023 21:06:39 UTC] PHP Warning:  Undefined array key "custom_color" in /Users/angel/Local Sites/philosophy-review/app/public/wp-content/plugins/sassy-social-share/includes/class-sassy-social-share-widgets.php on line 728
[22-Dec-2023 21:06:39 UTC] PHP Warning:  Undefined array key "size" in /Users/angel/Local Sites/philosophy-review/app/public/wp-content/plugins/sassy-social-share/includes/class-sassy-social-share-widgets.php on line 757
[22-Dec-2023 21:06:39 UTC] PHP Warning:  Undefined array key "size" in /Users/angel/Local Sites/philosophy-review/app/public/wp-content/plugins/sassy-social-share/includes/class-sassy-social-share-widgets.php on line 757
[22-Dec-2023 21:06:39 UTC] PHP Warning:  Undefined array key "icon_shape" in /Users/angel/Local Sites/philosophy-review/app/public/wp-content/plugins/sassy-social-share/includes/class-sassy-social-share-widgets.php on line 757
[22-Dec-2023 21:06:39 UTC] PHP Warning:  Undefined array key "gitlab" in /Users/angel/Local Sites/philosophy-review/app/public/wp-content/plugins/sassy-social-share/includes/class-sassy-social-share-widgets.php on line 890
[22-Dec-2023 21:07:23 UTC] PHP Warning:  Undefined array key "gitlab" in /Users/angel/Local Sites/philosophy-review/app/public/wp-content/plugins/sassy-social-share/includes/class-sassy-social-share-widgets.php on line 890
[22-Dec-2023 21:07:23 UTC] PHP Warning:  Undefined array key "gitlab" in /Users/angel/Local Sites/philosophy-review/app/public/wp-content/plugins/sassy-social-share/includes/class-sassy-social-share-widgets.php on line 890
[22-Dec-2023 21:07:24 UTC] PHP Warning:  Undefined array key "gitlab" in /Users/angel/Local Sites/philosophy-review/app/public/wp-content/plugins/sassy-social-share/includes/class-sassy-social-share-widgets.php on line 890
[22-Dec-2023 21:07:24 UTC] PHP Warning:  Undefined array key "gitlab" in /Users/angel/Local Sites/philosophy-review/app/public/wp-content/plugins/sassy-social-share/includes/class-sassy-social-share-widgets.php on line 890
[22-Dec-2023 21:07:24 UTC] PHP Warning:  Undefined array key "gitlab" in /Users/angel/Local Sites/philosophy-review/app/public/wp-content/plugins/sassy-social-share/includes/class-sassy-social-share-widgets.php on line 890
[22-Dec-2023 21:07:26 UTC] PHP Warning:  Undefined array key "gitlab" in /Users/angel/Local Sites/philosophy-review/app/public/wp-content/plugins/sassy-social-share/includes/class-sassy-social-share-widgets.php on line 890
[22-Dec-2023 21:07:26 UTC] PHP Warning:  Undefined array key "gitlab" in /Users/angel/Local Sites/philosophy-review/app/public/wp-content/plugins/sassy-social-share/includes/class-sassy-social-share-widgets.php on line 890
[22-Dec-2023 21:07:27 UTC] PHP Warning:  Undefined array key "gitlab" in /Users/angel/Local Sites/philosophy-review/app/public/wp-content/plugins/sassy-social-share/includes/class-sassy-social-share-widgets.php on line 890
[22-Dec-2023 21:07:27 UTC] PHP Warning:  Undefined array key "gitlab" in /Users/angel/Local Sites/philosophy-review/app/public/wp-content/plugins/sassy-social-share/includes/class-sassy-social-share-widgets.php on line 890
[22-Dec-2023 21:10:03 UTC] PHP Warning:  Undefined array key "gitlab" in /Users/angel/Local Sites/philosophy-review/app/public/wp-content/plugins/sassy-social-share/includes/class-sassy-social-share-widgets.php on line 890
[22-Dec-2023 21:10:06 UTC] PHP Warning:  Undefined array key "gitlab" in /Users/angel/Local Sites/philosophy-review/app/public/wp-content/plugins/sassy-social-share/includes/class-sassy-social-share-widgets.php on line 890
[22-Dec-2023 21:10:14 UTC] PHP Warning:  Undefined array key "gitlab" in /Users/angel/Local Sites/philosophy-review/app/public/wp-content/plugins/sassy-social-share/includes/class-sassy-social-share-widgets.php on line 890
[22-Dec-2023 21:10:15 UTC] PHP Warning:  Undefined array key "gitlab" in /Users/angel/Local Sites/philosophy-review/app/public/wp-content/plugins/sassy-social-share/includes/class-sassy-social-share-widgets.php on line 890
[22-Dec-2023 21:11:15 UTC] PHP Warning:  Undefined array key "gitlab" in /Users/angel/Local Sites/philosophy-review/app/public/wp-content/plugins/sassy-social-share/includes/class-sassy-social-share-widgets.php on line 890
[22-Dec-2023 21:12:05 UTC] PHP Warning:  Undefined array key "gitlab" in /Users/angel/Local Sites/philosophy-review/app/public/wp-content/plugins/sassy-social-share/includes/class-sassy-social-share-widgets.php on line 890
[22-Dec-2023 21:12:17 UTC] PHP Warning:  Undefined array key "gitlab" in /Users/angel/Local Sites/philosophy-review/app/public/wp-content/plugins/sassy-social-share/includes/class-sassy-social-share-widgets.php on line 890
[22-Dec-2023 21:20:25 UTC] PHP Warning:  Undefined array key "form_id" in /Users/angel/Local Sites/philosophy-review/app/public/wp-content/plugins/ninja-forms/includes/Widget.php on line 27
[22-Dec-2023 21:20:25 UTC] PHP Warning:  Undefined array key "display_title" in /Users/angel/Local Sites/philosophy-review/app/public/wp-content/plugins/ninja-forms/includes/Widget.php on line 31
[22-Dec-2023 21:20:25 UTC] PHP Warning:  Undefined array key "form_id" in /Users/angel/Local Sites/philosophy-review/app/public/wp-content/plugins/ninja-forms/includes/Widget.php on line 36
[22-Dec-2023 21:39:07 UTC] PHP Warning:  Undefined array key "custom_color" in /Users/angel/Local Sites/philosophy-review/app/public/wp-content/plugins/sassy-social-share/includes/class-sassy-social-share-widgets.php on line 654
[22-Dec-2023 21:39:07 UTC] PHP Warning:  Undefined array key "type" in /Users/angel/Local Sites/philosophy-review/app/public/wp-content/plugins/sassy-social-share/includes/class-sassy-social-share-widgets.php on line 663
[22-Dec-2023 21:39:07 UTC] PHP Warning:  Undefined array key "custom_color" in /Users/angel/Local Sites/philosophy-review/app/public/wp-content/plugins/sassy-social-share/includes/class-sassy-social-share-widgets.php on line 713
[22-Dec-2023 21:39:07 UTC] PHP Warning:  Undefined array key "custom_color" in /Users/angel/Local Sites/philosophy-review/app/public/wp-content/plugins/sassy-social-share/includes/class-sassy-social-share-widgets.php on line 728
[22-Dec-2023 21:39:07 UTC] PHP Warning:  Undefined array key "size" in /Users/angel/Local Sites/philosophy-review/app/public/wp-content/plugins/sassy-social-share/includes/class-sassy-social-share-widgets.php on line 757
[22-Dec-2023 21:39:07 UTC] PHP Warning:  Undefined array key "size" in /Users/angel/Local Sites/philosophy-review/app/public/wp-content/plugins/sassy-social-share/includes/class-sassy-social-share-widgets.php on line 757
[22-Dec-2023 21:39:07 UTC] PHP Warning:  Undefined array key "icon_shape" in /Users/angel/Local Sites/philosophy-review/app/public/wp-content/plugins/sassy-social-share/includes/class-sassy-social-share-widgets.php on line 757
[22-Dec-2023 21:39:07 UTC] PHP Warning:  Undefined array key "gitlab" in /Users/angel/Local Sites/philosophy-review/app/public/wp-content/plugins/sassy-social-share/includes/class-sassy-social-share-widgets.php on line 890
[22-Dec-2023 21:39:30 UTC] PHP Warning:  Undefined array key "custom_color" in /Users/angel/Local Sites/philosophy-review/app/public/wp-content/plugins/sassy-social-share/includes/class-sassy-social-share-widgets.php on line 654
[22-Dec-2023 21:39:30 UTC] PHP Warning:  Undefined array key "type" in /Users/angel/Local Sites/philosophy-review/app/public/wp-content/plugins/sassy-social-share/includes/class-sassy-social-share-widgets.php on line 663
[22-Dec-2023 21:39:30 UTC] PHP Warning:  Undefined array key "custom_color" in /Users/angel/Local Sites/philosophy-review/app/public/wp-content/plugins/sassy-social-share/includes/class-sassy-social-share-widgets.php on line 713
[22-Dec-2023 21:39:30 UTC] PHP Warning:  Undefined array key "custom_color" in /Users/angel/Local Sites/philosophy-review/app/public/wp-content/plugins/sassy-social-share/includes/class-sassy-social-share-widgets.php on line 728
[22-Dec-2023 21:39:30 UTC] PHP Warning:  Undefined array key "size" in /Users/angel/Local Sites/philosophy-review/app/public/wp-content/plugins/sassy-social-share/includes/class-sassy-social-share-widgets.php on line 757
[22-Dec-2023 21:39:30 UTC] PHP Warning:  Undefined array key "size" in /Users/angel/Local Sites/philosophy-review/app/public/wp-content/plugins/sassy-social-share/includes/class-sassy-social-share-widgets.php on line 757
[22-Dec-2023 21:39:30 UTC] PHP Warning:  Undefined array key "icon_shape" in /Users/angel/Local Sites/philosophy-review/app/public/wp-content/plugins/sassy-social-share/includes/class-sassy-social-share-widgets.php on line 757
[22-Dec-2023 21:39:30 UTC] PHP Warning:  Undefined array key "gitlab" in /Users/angel/Local Sites/philosophy-review/app/public/wp-content/plugins/sassy-social-share/includes/class-sassy-social-share-widgets.php on line 890
[22-Dec-2023 21:39:31 UTC] PHP Warning:  Undefined array key "custom_color" in /Users/angel/Local Sites/philosophy-review/app/public/wp-content/plugins/sassy-social-share/includes/class-sassy-social-share-widgets.php on line 654
[22-Dec-2023 21:39:31 UTC] PHP Warning:  Undefined array key "type" in /Users/angel/Local Sites/philosophy-review/app/public/wp-content/plugins/sassy-social-share/includes/class-sassy-social-share-widgets.php on line 663
[22-Dec-2023 21:39:31 UTC] PHP Warning:  Undefined array key "custom_color" in /Users/angel/Local Sites/philosophy-review/app/public/wp-content/plugins/sassy-social-share/includes/class-sassy-social-share-widgets.php on line 713
[22-Dec-2023 21:39:31 UTC] PHP Warning:  Undefined array key "custom_color" in /Users/angel/Local Sites/philosophy-review/app/public/wp-content/plugins/sassy-social-share/includes/class-sassy-social-share-widgets.php on line 728
[22-Dec-2023 21:39:31 UTC] PHP Warning:  Undefined array key "size" in /Users/angel/Local Sites/philosophy-review/app/public/wp-content/plugins/sassy-social-share/includes/class-sassy-social-share-widgets.php on line 757
[22-Dec-2023 21:39:31 UTC] PHP Warning:  Undefined array key "size" in /Users/angel/Local Sites/philosophy-review/app/public/wp-content/plugins/sassy-social-share/includes/class-sassy-social-share-widgets.php on line 757
[22-Dec-2023 21:39:31 UTC] PHP Warning:  Undefined array key "icon_shape" in /Users/angel/Local Sites/philosophy-review/app/public/wp-content/plugins/sassy-social-share/includes/class-sassy-social-share-widgets.php on line 757
[22-Dec-2023 21:39:32 UTC] PHP Warning:  Undefined array key "gitlab" in /Users/angel/Local Sites/philosophy-review/app/public/wp-content/plugins/sassy-social-share/includes/class-sassy-social-share-widgets.php on line 890
[22-Dec-2023 21:39:33 UTC] PHP Warning:  Undefined array key "custom_color" in /Users/angel/Local Sites/philosophy-review/app/public/wp-content/plugins/sassy-social-share/includes/class-sassy-social-share-widgets.php on line 654
[22-Dec-2023 21:39:33 UTC] PHP Warning:  Undefined array key "type" in /Users/angel/Local Sites/philosophy-review/app/public/wp-content/plugins/sassy-social-share/includes/class-sassy-social-share-widgets.php on line 663
[22-Dec-2023 21:39:33 UTC] PHP Warning:  Undefined array key "custom_color" in /Users/angel/Local Sites/philosophy-review/app/public/wp-content/plugins/sassy-social-share/includes/class-sassy-social-share-widgets.php on line 713
[22-Dec-2023 21:39:33 UTC] PHP Warning:  Undefined array key "custom_color" in /Users/angel/Local Sites/philosophy-review/app/public/wp-content/plugins/sassy-social-share/includes/class-sassy-social-share-widgets.php on line 728
[22-Dec-2023 21:39:33 UTC] PHP Warning:  Undefined array key "size" in /Users/angel/Local Sites/philosophy-review/app/public/wp-content/plugins/sassy-social-share/includes/class-sassy-social-share-widgets.php on line 757
[22-Dec-2023 21:39:33 UTC] PHP Warning:  Undefined array key "size" in /Users/angel/Local Sites/philosophy-review/app/public/wp-content/plugins/sassy-social-share/includes/class-sassy-social-share-widgets.php on line 757
[22-Dec-2023 21:39:33 UTC] PHP Warning:  Undefined array key "icon_shape" in /Users/angel/Local Sites/philosophy-review/app/public/wp-content/plugins/sassy-social-share/includes/class-sassy-social-share-widgets.php on line 757
[22-Dec-2023 21:39:33 UTC] PHP Warning:  Undefined array key "gitlab" in /Users/angel/Local Sites/philosophy-review/app/public/wp-content/plugins/sassy-social-share/includes/class-sassy-social-share-widgets.php on line 890
[22-Dec-2023 21:39:33 UTC] PHP Warning:  Undefined array key "custom_color" in /Users/angel/Local Sites/philosophy-review/app/public/wp-content/plugins/sassy-social-share/includes/class-sassy-social-share-widgets.php on line 654
[22-Dec-2023 21:39:33 UTC] PHP Warning:  Undefined array key "type" in /Users/angel/Local Sites/philosophy-review/app/public/wp-content/plugins/sassy-social-share/includes/class-sassy-social-share-widgets.php on line 663
[22-Dec-2023 21:39:33 UTC] PHP Warning:  Undefined array key "custom_color" in /Users/angel/Local Sites/philosophy-review/app/public/wp-content/plugins/sassy-social-share/includes/class-sassy-social-share-widgets.php on line 713
[22-Dec-2023 21:39:33 UTC] PHP Warning:  Undefined array key "custom_color" in /Users/angel/Local Sites/philosophy-review/app/public/wp-content/plugins/sassy-social-share/includes/class-sassy-social-share-widgets.php on line 728
[22-Dec-2023 21:39:33 UTC] PHP Warning:  Undefined array key "size" in /Users/angel/Local Sites/philosophy-review/app/public/wp-content/plugins/sassy-social-share/includes/class-sassy-social-share-widgets.php on line 757
[22-Dec-2023 21:39:33 UTC] PHP Warning:  Undefined array key "size" in /Users/angel/Local Sites/philosophy-review/app/public/wp-content/plugins/sassy-social-share/includes/class-sassy-social-share-widgets.php on line 757
[22-Dec-2023 21:39:33 UTC] PHP Warning:  Undefined array key "icon_shape" in /Users/angel/Local Sites/philosophy-review/app/public/wp-content/plugins/sassy-social-share/includes/class-sassy-social-share-widgets.php on line 757
[22-Dec-2023 21:39:33 UTC] PHP Warning:  Undefined array key "gitlab" in /Users/angel/Local Sites/philosophy-review/app/public/wp-content/plugins/sassy-social-share/includes/class-sassy-social-share-widgets.php on line 890
[22-Dec-2023 21:39:34 UTC] PHP Warning:  Undefined array key "custom_color" in /Users/angel/Local Sites/philosophy-review/app/public/wp-content/plugins/sassy-social-share/includes/class-sassy-social-share-widgets.php on line 654
[22-Dec-2023 21:39:34 UTC] PHP Warning:  Undefined array key "type" in /Users/angel/Local Sites/philosophy-review/app/public/wp-content/plugins/sassy-social-share/includes/class-sassy-social-share-widgets.php on line 663
[22-Dec-2023 21:39:34 UTC] PHP Warning:  Undefined array key "custom_color" in /Users/angel/Local Sites/philosophy-review/app/public/wp-content/plugins/sassy-social-share/includes/class-sassy-social-share-widgets.php on line 713
[22-Dec-2023 21:39:34 UTC] PHP Warning:  Undefined array key "custom_color" in /Users/angel/Local Sites/philosophy-review/app/public/wp-content/plugins/sassy-social-share/includes/class-sassy-social-share-widgets.php on line 728
[22-Dec-2023 21:39:34 UTC] PHP Warning:  Undefined array key "size" in /Users/angel/Local Sites/philosophy-review/app/public/wp-content/plugins/sassy-social-share/includes/class-sassy-social-share-widgets.php on line 757
[22-Dec-2023 21:39:34 UTC] PHP Warning:  Undefined array key "size" in /Users/angel/Local Sites/philosophy-review/app/public/wp-content/plugins/sassy-social-share/includes/class-sassy-social-share-widgets.php on line 757
[22-Dec-2023 21:39:34 UTC] PHP Warning:  Undefined array key "icon_shape" in /Users/angel/Local Sites/philosophy-review/app/public/wp-content/plugins/sassy-social-share/includes/class-sassy-social-share-widgets.php on line 757
[22-Dec-2023 21:39:34 UTC] PHP Warning:  Undefined array key "gitlab" in /Users/angel/Local Sites/philosophy-review/app/public/wp-content/plugins/sassy-social-share/includes/class-sassy-social-share-widgets.php on line 890
[22-Dec-2023 21:39:35 UTC] PHP Warning:  Undefined array key "custom_color" in /Users/angel/Local Sites/philosophy-review/app/public/wp-content/plugins/sassy-social-share/includes/class-sassy-social-share-widgets.php on line 654
[22-Dec-2023 21:39:35 UTC] PHP Warning:  Undefined array key "type" in /Users/angel/Local Sites/philosophy-review/app/public/wp-content/plugins/sassy-social-share/includes/class-sassy-social-share-widgets.php on line 663
[22-Dec-2023 21:39:35 UTC] PHP Warning:  Undefined array key "custom_color" in /Users/angel/Local Sites/philosophy-review/app/public/wp-content/plugins/sassy-social-share/includes/class-sassy-social-share-widgets.php on line 713
[22-Dec-2023 21:39:35 UTC] PHP Warning:  Undefined array key "custom_color" in /Users/angel/Local Sites/philosophy-review/app/public/wp-content/plugins/sassy-social-share/includes/class-sassy-social-share-widgets.php on line 728
[22-Dec-2023 21:39:35 UTC] PHP Warning:  Undefined array key "size" in /Users/angel/Local Sites/philosophy-review/app/public/wp-content/plugins/sassy-social-share/includes/class-sassy-social-share-widgets.php on line 757
[22-Dec-2023 21:39:35 UTC] PHP Warning:  Undefined array key "size" in /Users/angel/Local Sites/philosophy-review/app/public/wp-content/plugins/sassy-social-share/includes/class-sassy-social-share-widgets.php on line 757
[22-Dec-2023 21:39:35 UTC] PHP Warning:  Undefined array key "icon_shape" in /Users/angel/Local Sites/philosophy-review/app/public/wp-content/plugins/sassy-social-share/includes/class-sassy-social-share-widgets.php on line 757
[22-Dec-2023 21:39:35 UTC] PHP Warning:  Undefined array key "gitlab" in /Users/angel/Local Sites/philosophy-review/app/public/wp-content/plugins/sassy-social-share/includes/class-sassy-social-share-widgets.php on line 890
[22-Dec-2023 21:42:40 UTC] PHP Warning:  Undefined array key "custom_color" in /Users/angel/Local Sites/philosophy-review/app/public/wp-content/plugins/sassy-social-share/includes/class-sassy-social-share-widgets.php on line 654
[22-Dec-2023 21:42:40 UTC] PHP Warning:  Undefined array key "type" in /Users/angel/Local Sites/philosophy-review/app/public/wp-content/plugins/sassy-social-share/includes/class-sassy-social-share-widgets.php on line 663
[22-Dec-2023 21:42:40 UTC] PHP Warning:  Undefined array key "custom_color" in /Users/angel/Local Sites/philosophy-review/app/public/wp-content/plugins/sassy-social-share/includes/class-sassy-social-share-widgets.php on line 713
[22-Dec-2023 21:42:40 UTC] PHP Warning:  Undefined array key "custom_color" in /Users/angel/Local Sites/philosophy-review/app/public/wp-content/plugins/sassy-social-share/includes/class-sassy-social-share-widgets.php on line 728
[22-Dec-2023 21:42:40 UTC] PHP Warning:  Undefined array key "size" in /Users/angel/Local Sites/philosophy-review/app/public/wp-content/plugins/sassy-social-share/includes/class-sassy-social-share-widgets.php on line 757
[22-Dec-2023 21:42:40 UTC] PHP Warning:  Undefined array key "size" in /Users/angel/Local Sites/philosophy-review/app/public/wp-content/plugins/sassy-social-share/includes/class-sassy-social-share-widgets.php on line 757
[22-Dec-2023 21:42:40 UTC] PHP Warning:  Undefined array key "icon_shape" in /Users/angel/Local Sites/philosophy-review/app/public/wp-content/plugins/sassy-social-share/includes/class-sassy-social-share-widgets.php on line 757
[22-Dec-2023 21:42:41 UTC] PHP Warning:  Undefined array key "gitlab" in /Users/angel/Local Sites/philosophy-review/app/public/wp-content/plugins/sassy-social-share/includes/class-sassy-social-share-widgets.php on line 890
[22-Dec-2023 21:43:05 UTC] PHP Warning:  Undefined array key "gitlab" in /Users/angel/Local Sites/philosophy-review/app/public/wp-content/plugins/sassy-social-share/includes/class-sassy-social-share-widgets.php on line 890
[22-Dec-2023 21:43:06 UTC] PHP Warning:  Undefined array key "gitlab" in /Users/angel/Local Sites/philosophy-review/app/public/wp-content/plugins/sassy-social-share/includes/class-sassy-social-share-widgets.php on line 890
[22-Dec-2023 21:43:07 UTC] PHP Warning:  Undefined array key "gitlab" in /Users/angel/Local Sites/philosophy-review/app/public/wp-content/plugins/sassy-social-share/includes/class-sassy-social-share-widgets.php on line 890
[22-Dec-2023 21:43:08 UTC] PHP Warning:  Undefined array key "gitlab" in /Users/angel/Local Sites/philosophy-review/app/public/wp-content/plugins/sassy-social-share/includes/class-sassy-social-share-widgets.php on line 890
[22-Dec-2023 21:43:08 UTC] PHP Warning:  Undefined array key "gitlab" in /Users/angel/Local Sites/philosophy-review/app/public/wp-content/plugins/sassy-social-share/includes/class-sassy-social-share-widgets.php on line 890
[22-Dec-2023 21:43:08 UTC] PHP Warning:  Undefined array key "gitlab" in /Users/angel/Local Sites/philosophy-review/app/public/wp-content/plugins/sassy-social-share/includes/class-sassy-social-share-widgets.php on line 890
[22-Dec-2023 21:43:09 UTC] PHP Warning:  Undefined array key "gitlab" in /Users/angel/Local Sites/philosophy-review/app/public/wp-content/plugins/sassy-social-share/includes/class-sassy-social-share-widgets.php on line 890
[22-Dec-2023 21:43:10 UTC] PHP Warning:  Undefined array key "gitlab" in /Users/angel/Local Sites/philosophy-review/app/public/wp-content/plugins/sassy-social-share/includes/class-sassy-social-share-widgets.php on line 890
[22-Dec-2023 21:43:38 UTC] PHP Warning:  Undefined array key "gitlab" in /Users/angel/Local Sites/philosophy-review/app/public/wp-content/plugins/sassy-social-share/includes/class-sassy-social-share-widgets.php on line 890
[22-Dec-2023 21:43:42 UTC] PHP Warning:  Undefined array key "gitlab" in /Users/angel/Local Sites/philosophy-review/app/public/wp-content/plugins/sassy-social-share/includes/class-sassy-social-share-widgets.php on line 890
[22-Dec-2023 21:44:09 UTC] PHP Warning:  Undefined array key "gitlab" in /Users/angel/Local Sites/philosophy-review/app/public/wp-content/plugins/sassy-social-share/includes/class-sassy-social-share-widgets.php on line 890
[22-Dec-2023 21:44:09 UTC] PHP Warning:  Undefined array key "gitlab" in /Users/angel/Local Sites/philosophy-review/app/public/wp-content/plugins/sassy-social-share/includes/class-sassy-social-share-widgets.php on line 890
[22-Dec-2023 21:44:16 UTC] PHP Warning:  Undefined array key "gitlab" in /Users/angel/Local Sites/philosophy-review/app/public/wp-content/plugins/sassy-social-share/includes/class-sassy-social-share-widgets.php on line 890
[22-Dec-2023 21:44:16 UTC] PHP Warning:  Undefined array key "gitlab" in /Users/angel/Local Sites/philosophy-review/app/public/wp-content/plugins/sassy-social-share/includes/class-sassy-social-share-widgets.php on line 890
[22-Dec-2023 21:44:39 UTC] PHP Warning:  Undefined array key "gitlab" in /Users/angel/Local Sites/philosophy-review/app/public/wp-content/plugins/sassy-social-share/includes/class-sassy-social-share-widgets.php on line 890
[22-Dec-2023 21:44:40 UTC] PHP Warning:  Undefined array key "gitlab" in /Users/angel/Local Sites/philosophy-review/app/public/wp-content/plugins/sassy-social-share/includes/class-sassy-social-share-widgets.php on line 890
[22-Dec-2023 21:44:43 UTC] PHP Warning:  Undefined array key "gitlab" in /Users/angel/Local Sites/philosophy-review/app/public/wp-content/plugins/sassy-social-share/includes/class-sassy-social-share-widgets.php on line 890
[22-Dec-2023 21:45:03 UTC] PHP Warning:  Undefined array key "gitlab" in /Users/angel/Local Sites/philosophy-review/app/public/wp-content/plugins/sassy-social-share/includes/class-sassy-social-share-widgets.php on line 890
[22-Dec-2023 21:45:07 UTC] PHP Warning:  Undefined array key "gitlab" in /Users/angel/Local Sites/philosophy-review/app/public/wp-content/plugins/sassy-social-share/includes/class-sassy-social-share-widgets.php on line 890
[22-Dec-2023 22:07:48 UTC] PHP Warning:  Undefined array key "custom_color" in /Users/angel/Local Sites/philosophy-review/app/public/wp-content/plugins/sassy-social-share/includes/class-sassy-social-share-widgets.php on line 654
[22-Dec-2023 22:07:48 UTC] PHP Warning:  Undefined array key "type" in /Users/angel/Local Sites/philosophy-review/app/public/wp-content/plugins/sassy-social-share/includes/class-sassy-social-share-widgets.php on line 663
[22-Dec-2023 22:07:48 UTC] PHP Warning:  Undefined array key "custom_color" in /Users/angel/Local Sites/philosophy-review/app/public/wp-content/plugins/sassy-social-share/includes/class-sassy-social-share-widgets.php on line 713
[22-Dec-2023 22:07:48 UTC] PHP Warning:  Undefined array key "custom_color" in /Users/angel/Local Sites/philosophy-review/app/public/wp-content/plugins/sassy-social-share/includes/class-sassy-social-share-widgets.php on line 728
[22-Dec-2023 22:07:48 UTC] PHP Warning:  Undefined array key "size" in /Users/angel/Local Sites/philosophy-review/app/public/wp-content/plugins/sassy-social-share/includes/class-sassy-social-share-widgets.php on line 757
[22-Dec-2023 22:07:48 UTC] PHP Warning:  Undefined array key "size" in /Users/angel/Local Sites/philosophy-review/app/public/wp-content/plugins/sassy-social-share/includes/class-sassy-social-share-widgets.php on line 757
[22-Dec-2023 22:07:48 UTC] PHP Warning:  Undefined array key "icon_shape" in /Users/angel/Local Sites/philosophy-review/app/public/wp-content/plugins/sassy-social-share/includes/class-sassy-social-share-widgets.php on line 757
[22-Dec-2023 22:07:48 UTC] PHP Warning:  Undefined array key "gitlab" in /Users/angel/Local Sites/philosophy-review/app/public/wp-content/plugins/sassy-social-share/includes/class-sassy-social-share-widgets.php on line 890
[22-Dec-2023 22:08:01 UTC] PHP Warning:  Undefined array key "custom_color" in /Users/angel/Local Sites/philosophy-review/app/public/wp-content/plugins/sassy-social-share/includes/class-sassy-social-share-widgets.php on line 654
[22-Dec-2023 22:08:01 UTC] PHP Warning:  Undefined array key "type" in /Users/angel/Local Sites/philosophy-review/app/public/wp-content/plugins/sassy-social-share/includes/class-sassy-social-share-widgets.php on line 663
[22-Dec-2023 22:08:01 UTC] PHP Warning:  Undefined array key "custom_color" in /Users/angel/Local Sites/philosophy-review/app/public/wp-content/plugins/sassy-social-share/includes/class-sassy-social-share-widgets.php on line 713
[22-Dec-2023 22:08:01 UTC] PHP Warning:  Undefined array key "custom_color" in /Users/angel/Local Sites/philosophy-review/app/public/wp-content/plugins/sassy-social-share/includes/class-sassy-social-share-widgets.php on line 728
[22-Dec-2023 22:08:01 UTC] PHP Warning:  Undefined array key "size" in /Users/angel/Local Sites/philosophy-review/app/public/wp-content/plugins/sassy-social-share/includes/class-sassy-social-share-widgets.php on line 757
[22-Dec-2023 22:08:01 UTC] PHP Warning:  Undefined array key "size" in /Users/angel/Local Sites/philosophy-review/app/public/wp-content/plugins/sassy-social-share/includes/class-sassy-social-share-widgets.php on line 757
[22-Dec-2023 22:08:01 UTC] PHP Warning:  Undefined array key "icon_shape" in /Users/angel/Local Sites/philosophy-review/app/public/wp-content/plugins/sassy-social-share/includes/class-sassy-social-share-widgets.php on line 757
[22-Dec-2023 22:08:01 UTC] PHP Warning:  Undefined array key "gitlab" in /Users/angel/Local Sites/philosophy-review/app/public/wp-content/plugins/sassy-social-share/includes/class-sassy-social-share-widgets.php on line 890
[22-Dec-2023 22:08:28 UTC] PHP Warning:  Undefined array key "gitlab" in /Users/angel/Local Sites/philosophy-review/app/public/wp-content/plugins/sassy-social-share/includes/class-sassy-social-share-widgets.php on line 890
[22-Dec-2023 22:08:29 UTC] PHP Warning:  Undefined array key "gitlab" in /Users/angel/Local Sites/philosophy-review/app/public/wp-content/plugins/sassy-social-share/includes/class-sassy-social-share-widgets.php on line 890
[22-Dec-2023 22:08:30 UTC] PHP Warning:  Undefined array key "gitlab" in /Users/angel/Local Sites/philosophy-review/app/public/wp-content/plugins/sassy-social-share/includes/class-sassy-social-share-widgets.php on line 890
[22-Dec-2023 22:08:30 UTC] PHP Warning:  Undefined array key "gitlab" in /Users/angel/Local Sites/philosophy-review/app/public/wp-content/plugins/sassy-social-share/includes/class-sassy-social-share-widgets.php on line 890
[22-Dec-2023 22:08:31 UTC] PHP Warning:  Undefined array key "gitlab" in /Users/angel/Local Sites/philosophy-review/app/public/wp-content/plugins/sassy-social-share/includes/class-sassy-social-share-widgets.php on line 890
[22-Dec-2023 22:08:31 UTC] PHP Warning:  Undefined array key "gitlab" in /Users/angel/Local Sites/philosophy-review/app/public/wp-content/plugins/sassy-social-share/includes/class-sassy-social-share-widgets.php on line 890
[22-Dec-2023 22:08:56 UTC] PHP Warning:  Undefined array key "gitlab" in /Users/angel/Local Sites/philosophy-review/app/public/wp-content/plugins/sassy-social-share/includes/class-sassy-social-share-widgets.php on line 890
[22-Dec-2023 22:09:00 UTC] PHP Warning:  Undefined array key "gitlab" in /Users/angel/Local Sites/philosophy-review/app/public/wp-content/plugins/sassy-social-share/includes/class-sassy-social-share-widgets.php on line 890
[22-Dec-2023 22:09:02 UTC] PHP Warning:  Undefined array key "gitlab" in /Users/angel/Local Sites/philosophy-review/app/public/wp-content/plugins/sassy-social-share/includes/class-sassy-social-share-widgets.php on line 890
[22-Dec-2023 22:09:20 UTC] PHP Warning:  Undefined array key "gitlab" in /Users/angel/Local Sites/philosophy-review/app/public/wp-content/plugins/sassy-social-share/includes/class-sassy-social-share-widgets.php on line 890
[22-Dec-2023 22:09:22 UTC] PHP Warning:  Undefined array key "gitlab" in /Users/angel/Local Sites/philosophy-review/app/public/wp-content/plugins/sassy-social-share/includes/class-sassy-social-share-widgets.php on line 890
[22-Dec-2023 22:09:36 UTC] PHP Warning:  Undefined array key "gitlab" in /Users/angel/Local Sites/philosophy-review/app/public/wp-content/plugins/sassy-social-share/includes/class-sassy-social-share-widgets.php on line 890
[22-Dec-2023 22:09:42 UTC] PHP Warning:  Undefined array key "gitlab" in /Users/angel/Local Sites/philosophy-review/app/public/wp-content/plugins/sassy-social-share/includes/class-sassy-social-share-widgets.php on line 890
[22-Dec-2023 22:09:57 UTC] PHP Warning:  Undefined array key "gitlab" in /Users/angel/Local Sites/philosophy-review/app/public/wp-content/plugins/sassy-social-share/includes/class-sassy-social-share-widgets.php on line 890
[22-Dec-2023 22:10:08 UTC] PHP Warning:  Undefined array key "gitlab" in /Users/angel/Local Sites/philosophy-review/app/public/wp-content/plugins/sassy-social-share/includes/class-sassy-social-share-widgets.php on line 890
[22-Dec-2023 22:10:30 UTC] PHP Warning:  Undefined array key "gitlab" in /Users/angel/Local Sites/philosophy-review/app/public/wp-content/plugins/sassy-social-share/includes/class-sassy-social-share-widgets.php on line 890
[22-Dec-2023 22:10:31 UTC] PHP Warning:  Undefined array key "gitlab" in /Users/angel/Local Sites/philosophy-review/app/public/wp-content/plugins/sassy-social-share/includes/class-sassy-social-share-widgets.php on line 890
[24-Dec-2023 23:22:26 UTC] Cron reschedule event error for hook: litespeed_task_lqip, Error code: could_not_set, Error message: The cron event list could not be saved., Data: {"schedule":"litespeed_filter","args":[],"interval":60}
[25-Dec-2023 00:04:20 UTC] PHP Warning:  Undefined array key "gitlab" in /Users/angel/Local Sites/ethics-unraveled/app/public/wp-content/plugins/sassy-social-share/includes/class-sassy-social-share-widgets.php on line 890
[25-Dec-2023 00:05:24 UTC] PHP Warning:  Undefined array key "gitlab" in /Users/angel/Local Sites/ethics-unraveled/app/public/wp-content/plugins/sassy-social-share/includes/class-sassy-social-share-widgets.php on line 890
[25-Dec-2023 00:07:44 UTC] PHP Warning:  Undefined array key "gitlab" in /Users/angel/Local Sites/ethics-unraveled/app/public/wp-content/plugins/sassy-social-share/includes/class-sassy-social-share-widgets.php on line 890
[25-Dec-2023 00:07:58 UTC] PHP Warning:  Undefined array key "gitlab" in /Users/angel/Local Sites/ethics-unraveled/app/public/wp-content/plugins/sassy-social-share/includes/class-sassy-social-share-widgets.php on line 890
[25-Dec-2023 00:08:33 UTC] PHP Warning:  Undefined array key "gitlab" in /Users/angel/Local Sites/ethics-unraveled/app/public/wp-content/plugins/sassy-social-share/includes/class-sassy-social-share-widgets.php on line 890
[25-Dec-2023 00:21:55 UTC] PHP Warning:  Undefined array key "gitlab" in /Users/angel/Local Sites/ethics-unraveled/app/public/wp-content/plugins/sassy-social-share/includes/class-sassy-social-share-widgets.php on line 890
[25-Dec-2023 00:21:57 UTC] PHP Warning:  Undefined array key "gitlab" in /Users/angel/Local Sites/ethics-unraveled/app/public/wp-content/plugins/sassy-social-share/includes/class-sassy-social-share-widgets.php on line 890
[25-Dec-2023 00:21:58 UTC] PHP Warning:  Undefined array key "gitlab" in /Users/angel/Local Sites/ethics-unraveled/app/public/wp-content/plugins/sassy-social-share/includes/class-sassy-social-share-widgets.php on line 890
[25-Dec-2023 00:22:00 UTC] PHP Warning:  Undefined array key "gitlab" in /Users/angel/Local Sites/ethics-unraveled/app/public/wp-content/plugins/sassy-social-share/includes/class-sassy-social-share-widgets.php on line 890
[25-Dec-2023 00:46:52 UTC] Cron reschedule event error for hook: litespeed_task_lqip, Error code: could_not_set, Error message: The cron event list could not be saved., Data: {"schedule":"litespeed_filter","args":[],"interval":60}
[25-Dec-2023 02:00:34 UTC] Cron reschedule event error for hook: litespeed_task_lqip, Error code: could_not_set, Error message: The cron event list could not be saved., Data: {"schedule":"litespeed_filter","args":[],"interval":60}
[25-Dec-2023 19:05:27 UTC] Cron reschedule event error for hook: litespeed_task_imgoptm_pull, Error code: could_not_set, Error message: The cron event list could not be saved., Data: {"schedule":"litespeed_filter","args":[],"interval":60}
[25-Dec-2023 22:14:14 UTC] Cron reschedule event error for hook: action_scheduler_run_queue, Error code: could_not_set, Error message: The cron event list could not be saved., Data: {"schedule":"every_minute","args":["WP Cron"],"interval":60}
[30-Dec-2023 08:48:57 UTC] Cron reschedule event error for hook: action_scheduler_run_queue, Error code: invalid_schedule, Error message: Event schedule does not exist., Data: {"schedule":"every_minute","args":["WP Cron"],"interval":60}
[30-Dec-2023 08:49:21 UTC] Cron reschedule event error for hook: action_scheduler_run_queue, Error code: invalid_schedule, Error message: Event schedule does not exist., Data: {"schedule":"every_minute","args":["WP Cron"],"interval":60}
